<?xml version="1.0" encoding="utf-8"?><testsuites name="pytest tests"><testsuite name="pytest" errors="0" failures="0" skipped="0" tests="90" time="11.190" timestamp="2026-08-15T11:17:08.191854+03:00" hostname="DESKTOP-4783JQ4"><testcase classname="tests.test_api.TestHealth" name="test_health_ok" time="0.145" /><testcase classname="tests.test_api.TestOccupations" name="test_lists_synthetic_occupation" time="0.123" /><testcase classname="tests.test_api.TestExtractSkills" name="test_extracts_fake_skills" time="0.026" /><testcase classname="tests.test_api.TestExtractSkills" name="test_empty_text_rejected_by_validation" time="0.021" /><testcase classname="tests.test_api.TestAnalyzeGap" name="test_full_gap_analysis_flow" time="0.091" /><testcase classname="tests.test_api.TestAnalyzeGap" name="test_unknown_occupation_returns_404" time="0.048" /><testcase classname="tests.test_api.TestLrsStatements" name="test_logs_and_retrieves_statement" time="0.109" /><testcase classname="tests.test_api.TestTaxonomyStats" name="test_returns_counts_matching_synthetic_taxonomy" time="0.044" /><testcase classname="tests.test_api.TestTaxonomyRequirements" name="test_returns_sorted_requirements" time="0.047" /><testcase classname="tests.test_api.TestTaxonomyRequirements" name="test_unknown_occupation_returns_404" time="0.027" /><testcase classname="tests.test_api.TestCareerGuidance" name="test_requires_auth" time="0.036" /><testcase classname="tests.test_api.TestCareerGuidance" name="test_returns_500_when_gemini_not_configured" time="0.032" /><testcase classname="tests.test_api.TestCareerGuidance" name="test_happy_path_classifies_suggestions" time="0.032" /><testcase classname="tests.test_api.TestCareerGuidance" name="test_second_identical_call_is_cached" time="0.047" /><testcase classname="tests.test_api.TestCareerGuidance" name="test_daily_limit_enforced" time="0.127" /><testcase classname="tests.test_api.TestCareerGuidance" name="test_stream_endpoint_serves_cached_result_without_calling_gemini" time="0.049" /><testcase classname="tests.test_api.TestSkillsResources" name="test_returns_search_fallback_when_no_curated_resources" time="1.094" /><testcase classname="tests.test_api.TestSkillsResources" name="test_curated_resources_come_first_when_present" time="0.025" /><testcase classname="tests.test_api.TestSkillsResources" name="test_skips_malformed_entries_missing_required_fields" time="0.029" /><testcase classname="tests.test_api.TestRoleBasedAccess" name="test_my_profile_returns_role" time="0.027" /><testcase classname="tests.test_api.TestRoleBasedAccess" name="test_admin_endpoint_rejects_job_seeker" time="0.034" /><testcase classname="tests.test_api.TestRoleBasedAccess" name="test_admin_endpoint_allows_administrator" time="0.033" /><testcase classname="tests.test_api.TestRoleBasedAccess" name="test_role_update_rejects_invalid_role" time="0.056" /><testcase classname="tests.test_api.TestRoleBasedAccess" name="test_role_update_succeeds_for_valid_role" time="0.033" /><testcase classname="tests.test_api.TestOrgAndProviderEndpoints" name="test_save_and_get_org_skill_framework" time="0.049" /><testcase classname="tests.test_api.TestOrgAndProviderEndpoints" name="test_connect_provider_and_sync_progress" time="0.042" /><testcase classname="tests.test_api.TestOrgAndProviderEndpoints" name="test_verify_resource_link_returns_404_for_missing" time="0.029" /><testcase classname="tests.test_api.TestOrgAndProviderEndpoints" name="test_verify_resource_link_succeeds" time="0.025" /><testcase classname="tests.test_auth.TestGetCurrentUser" name="test_valid_token_returns_user" time="0.005" /><testcase classname="tests.test_auth.TestGetCurrentUser" name="test_token_without_email_claim_is_still_valid" time="0.003" /><testcase classname="tests.test_auth.TestGetCurrentUser" name="test_missing_bearer_prefix_raises_401" time="0.002" /><testcase classname="tests.test_auth.TestGetCurrentUser" name="test_expired_token_raises_401" time="0.002" /><testcase classname="tests.test_auth.TestGetCurrentUser" name="test_wrong_secret_raises_401" time="0.005" /><testcase classname="tests.test_auth.TestGetCurrentUser" name="test_wrong_audience_raises_401" time="0.003" /><testcase classname="tests.test_auth.TestGetCurrentUser" name="test_missing_sub_claim_raises_401" time="0.006" /><testcase classname="tests.test_auth.TestGetCurrentUser" name="test_missing_secret_config_raises_500" time="0.003" /><testcase classname="tests.test_llm_reasoning.TestSanitizeUserText" name="test_ordinary_text_passes_through_unchanged" time="0.002" /><testcase classname="tests.test_llm_reasoning.TestSanitizeUserText" name="test_truncates_to_max_length" time="0.006" /><testcase classname="tests.test_llm_reasoning.TestSanitizeUserText" name="test_flags_ignore_instructions_pattern" time="0.002" /><testcase classname="tests.test_llm_reasoning.TestSanitizeUserText" name="test_flags_case_insensitively" time="0.002" /><testcase classname="tests.test_llm_reasoning.TestSanitizeUserText" name="test_flags_system_prompt_probe" time="0.004" /><testcase classname="tests.test_llm_reasoning.TestSanitizeUserText" name="test_does_not_flag_unrelated_text_containing_partial_words" time="0.002" /><testcase classname="tests.test_llm_reasoning.TestExtractJsonArray" name="test_parses_clean_json_array" time="0.002" /><testcase classname="tests.test_llm_reasoning.TestExtractJsonArray" name="test_malformed_json_returns_empty_list" time="0.009" /><testcase classname="tests.test_llm_reasoning.TestExtractJsonArray" name="test_valid_json_but_not_a_list_returns_empty" time="0.002" /><testcase classname="tests.test_llm_reasoning.TestExtractJsonArray" name="test_empty_string_returns_empty_list" time="0.006" /><testcase classname="tests.test_llm_reasoning.TestExtractJsonArray" name="test_truncates_to_max_suggestions" time="0.002" /><testcase classname="tests.test_llm_reasoning.TestExtractJsonArray" name="test_strips_whitespace_and_drops_blank_entries" time="0.002" /><testcase classname="tests.test_llm_reasoning.TestClassifyAgainstTaxonomy" name="test_taxonomy_match_is_tagged_correctly" time="0.002" /><testcase classname="tests.test_llm_reasoning.TestClassifyAgainstTaxonomy" name="test_unmapped_skill_is_tagged_emerging" time="0.002" /><testcase classname="tests.test_llm_reasoning.TestClassifyAgainstTaxonomy" name="test_matching_is_case_insensitive" time="0.002" /><testcase classname="tests.test_llm_reasoning.TestClassifyAgainstTaxonomy" name="test_mixed_batch_classifies_each_independently" time="0.002" /><testcase classname="tests.test_llm_reasoning.TestClassifyAgainstTaxonomy" name="test_empty_suggestions_returns_empty_list" time="0.006" /><testcase classname="tests.test_llm_reasoning.TestClassifyAgainstTaxonomy" name="test_to_dict_shape" time="0.002" /><testcase classname="tests.test_lrs.TestBuildStatement" name="test_unknown_verb_raises" time="0.002" /><testcase classname="tests.test_lrs.TestBuildStatement" name="test_actor_uses_mailto_iri" time="0.005" /><testcase classname="tests.test_lrs.TestBuildStatement" name="test_object_id_is_namespaced" time="0.003" /><testcase classname="tests.test_lrs.TestBuildStatement" name="test_result_extensions_are_namespaced" time="0.002" /><testcase classname="tests.test_lrs.TestBuildStatement" name="test_no_result_key_when_no_extensions_given" time="0.005" /><testcase classname="tests.test_lrs.TestBuildStatement" name="test_timestamp_is_iso8601_utc" time="0.002" /><testcase classname="tests.test_lrs.TestLogGapAnalysisEvent" name="test_writes_valid_jsonl_line" time="0.038" /><testcase classname="tests.test_lrs.TestLogGapAnalysisEvent" name="test_appends_not_overwrites" time="0.042" /><testcase classname="tests.test_rate_limit.TestDailyLimit" name="test_allows_calls_under_the_limit" time="0.002" /><testcase classname="tests.test_rate_limit.TestDailyLimit" name="test_blocks_calls_over_the_limit" time="0.006" /><testcase classname="tests.test_rate_limit.TestDailyLimit" name="test_rejected_call_is_not_recorded" time="0.002" /><testcase classname="tests.test_rate_limit.TestDailyLimit" name="test_limits_are_independent_per_user" time="0.002" /><testcase classname="tests.test_rate_limit.TestDailyLimit" name="test_calls_older_than_24h_are_not_counted" time="0.002" /><testcase classname="tests.test_rate_limit.TestResponseCache" name="test_cache_miss_returns_none" time="0.003" /><testcase classname="tests.test_rate_limit.TestResponseCache" name="test_cache_hit_returns_stored_value" time="0.002" /><testcase classname="tests.test_rate_limit.TestResponseCache" name="test_cache_is_keyed_by_full_request_tuple" time="0.002" /><testcase classname="tests.test_rate_limit.TestResponseCache" name="test_expired_cache_entry_returns_none" time="0.003" /><testcase classname="tests.test_recommender.TestListTargetOccupations" name="test_returns_unique_sorted_titles" time="0.036" /><testcase classname="tests.test_recommender.TestAnalyzeGap" name="test_unknown_occupation_raises" time="0.027" /><testcase classname="tests.test_recommender.TestAnalyzeGap" name="test_no_user_skills_means_everything_is_a_gap" time="0.031" /><testcase classname="tests.test_recommender.TestAnalyzeGap" name="test_partial_match_computes_weighted_not_flat_score" time="0.045" /><testcase classname="tests.test_recommender.TestAnalyzeGap" name="test_missing_skills_sorted_by_importance_descending" time="0.040" /><testcase classname="tests.test_recommender.TestAnalyzeGap" name="test_low_importance_skill_excluded_from_gaps" time="0.045" /><testcase classname="tests.test_recommender.TestAnalyzeGap" name="test_full_match_gives_full_readiness" time="0.045" /><testcase classname="tests.test_recommender.TestAnalyzeGap" name="test_unrelated_occupation_skills_do_not_count_as_matches" time="0.047" /><testcase classname="tests.test_recommender.TestAnalyzeGap" name="test_summary_dict_shape" time="0.055" /><testcase classname="tests.test_resources.TestSearchFallbackResources" name="test_returns_requested_number_of_links" time="0.005" /><testcase classname="tests.test_resources.TestSearchFallbackResources" name="test_all_links_tagged_search_tier" time="0.003" /><testcase classname="tests.test_resources.TestSearchFallbackResources" name="test_skill_name_is_url_encoded" time="0.005" /><testcase classname="tests.test_resources.TestSearchFallbackResources" name="test_skill_name_with_spaces_is_encoded" time="0.002" /><testcase classname="tests.test_resources.TestSearchFallbackResources" name="test_limit_zero_returns_empty" time="0.002" /><testcase classname="tests.test_resources.TestSearchFallbackResources" name="test_limit_beyond_available_providers_caps_at_max" time="0.004" /><testcase classname="tests.test_resources.TestMergeResources" name="test_no_curated_rows_returns_only_search_tier" time="0.003" /><testcase classname="tests.test_resources.TestMergeResources" name="test_curated_rows_come_first" time="0.003" /><testcase classname="tests.test_resources.TestMergeResources" name="test_curated_and_search_both_present" time="0.007" /><testcase classname="tests.test_resources.TestMergeResources" name="test_curated_row_fields_preserved" time="0.004" /></testsuite></testsuites>